/home/nyashagabriel/GoldenHive/golden-hive/node_modules/typescript/lib/lib.es5.d.ts
/home/nyashagabriel/GoldenHive/golden-hive/node_modules/typescript/lib/lib.es2015.d.ts
/home/nyashagabriel/GoldenHive/golden-hive/node_modules/typescript/lib/lib.es2016.d.ts
/home/nyashagabriel/GoldenHive/golden-hive/node_modules/typescript/lib/lib.es2017.d.ts
/home/nyashagabriel/GoldenHive/golden-hive/node_modules/typescript/lib/lib.es2018.d.ts
/home/nyashagabriel/GoldenHive/golden-hive/node_modules/typescript/lib/lib.es2019.d.ts
/home/nyashagabriel/GoldenHive/golden-hive/node_modules/typescript/lib/lib.es2020.d.ts
/home/nyashagabriel/GoldenHive/golden-hive/node_modules/typescript/lib/lib.es2021.d.ts
/home/nyashagabriel/GoldenHive/golden-hive/node_modules/typescript/lib/lib.es2022.d.ts
/home/nyashagabriel/GoldenHive/golden-hive/node_modules/typescript/lib/lib.es2023.d.ts
/home/nyashagabriel/GoldenHive/golden-hive/node_modules/typescript/lib/lib.es2024.d.ts
/home/nyashagabriel/GoldenHive/golden-hive/node_modules/typescript/lib/lib.esnext.d.ts
/home/nyashagabriel/GoldenHive/golden-hive/node_modules/typescript/lib/lib.dom.d.ts
/home/nyashagabriel/GoldenHive/golden-hive/node_modules/typescript/lib/lib.dom.iterable.d.ts
/home/nyashagabriel/GoldenHive/golden-hive/node_modules/typescript/lib/lib.es2015.core.d.ts
/home/nyashagabriel/GoldenHive/golden-hive/node_modules/typescript/lib/lib.es2015.collection.d.ts
/home/nyashagabriel/GoldenHive/golden-hive/node_modules/typescript/lib/lib.es2015.generator.d.ts
/home/nyashagabriel/GoldenHive/golden-hive/node_modules/typescript/lib/lib.es2015.iterable.d.ts
/home/nyashagabriel/GoldenHive/golden-hive/node_modules/typescript/lib/lib.es2015.promise.d.ts
/home/nyashagabriel/GoldenHive/golden-hive/node_modules/typescript/lib/lib.es2015.proxy.d.ts
/home/nyashagabriel/GoldenHive/golden-hive/node_modules/typescript/lib/lib.es2015.reflect.d.ts
/home/nyashagabriel/GoldenHive/golden-hive/node_modules/typescript/lib/lib.es2015.symbol.d.ts
/home/nyashagabriel/GoldenHive/golden-hive/node_modules/typescript/lib/lib.es2015.symbol.wellknown.d.ts
/home/nyashagabriel/GoldenHive/golden-hive/node_modules/typescript/lib/lib.es2016.array.include.d.ts
/home/nyashagabriel/GoldenHive/golden-hive/node_modules/typescript/lib/lib.es2016.intl.d.ts
/home/nyashagabriel/GoldenHive/golden-hive/node_modules/typescript/lib/lib.es2017.arraybuffer.d.ts
/home/nyashagabriel/GoldenHive/golden-hive/node_modules/typescript/lib/lib.es2017.date.d.ts
/home/nyashagabriel/GoldenHive/golden-hive/node_modules/typescript/lib/lib.es2017.object.d.ts
/home/nyashagabriel/GoldenHive/golden-hive/node_modules/typescript/lib/lib.es2017.sharedmemory.d.ts
/home/nyashagabriel/GoldenHive/golden-hive/node_modules/typescript/lib/lib.es2017.string.d.ts
/home/nyashagabriel/GoldenHive/golden-hive/node_modules/typescript/lib/lib.es2017.intl.d.ts
/home/nyashagabriel/GoldenHive/golden-hive/node_modules/typescript/lib/lib.es2017.typedarrays.d.ts
/home/nyashagabriel/GoldenHive/golden-hive/node_modules/typescript/lib/lib.es2018.asyncgenerator.d.ts
/home/nyashagabriel/GoldenHive/golden-hive/node_modules/typescript/lib/lib.es2018.asynciterable.d.ts
/home/nyashagabriel/GoldenHive/golden-hive/node_modules/typescript/lib/lib.es2018.intl.d.ts
/home/nyashagabriel/GoldenHive/golden-hive/node_modules/typescript/lib/lib.es2018.promise.d.ts
/home/nyashagabriel/GoldenHive/golden-hive/node_modules/typescript/lib/lib.es2018.regexp.d.ts
/home/nyashagabriel/GoldenHive/golden-hive/node_modules/typescript/lib/lib.es2019.array.d.ts
/home/nyashagabriel/GoldenHive/golden-hive/node_modules/typescript/lib/lib.es2019.object.d.ts
/home/nyashagabriel/GoldenHive/golden-hive/node_modules/typescript/lib/lib.es2019.string.d.ts
/home/nyashagabriel/GoldenHive/golden-hive/node_modules/typescript/lib/lib.es2019.symbol.d.ts
/home/nyashagabriel/GoldenHive/golden-hive/node_modules/typescript/lib/lib.es2019.intl.d.ts
/home/nyashagabriel/GoldenHive/golden-hive/node_modules/typescript/lib/lib.es2020.bigint.d.ts
/home/nyashagabriel/GoldenHive/golden-hive/node_modules/typescript/lib/lib.es2020.date.d.ts
/home/nyashagabriel/GoldenHive/golden-hive/node_modules/typescript/lib/lib.es2020.promise.d.ts
/home/nyashagabriel/GoldenHive/golden-hive/node_modules/typescript/lib/lib.es2020.sharedmemory.d.ts
/home/nyashagabriel/GoldenHive/golden-hive/node_modules/typescript/lib/lib.es2020.string.d.ts
/home/nyashagabriel/GoldenHive/golden-hive/node_modules/typescript/lib/lib.es2020.symbol.wellknown.d.ts
/home/nyashagabriel/GoldenHive/golden-hive/node_modules/typescript/lib/lib.es2020.intl.d.ts
/home/nyashagabriel/GoldenHive/golden-hive/node_modules/typescript/lib/lib.es2020.number.d.ts
/home/nyashagabriel/GoldenHive/golden-hive/node_modules/typescript/lib/lib.es2021.promise.d.ts
/home/nyashagabriel/GoldenHive/golden-hive/node_modules/typescript/lib/lib.es2021.string.d.ts
/home/nyashagabriel/GoldenHive/golden-hive/node_modules/typescript/lib/lib.es2021.weakref.d.ts
/home/nyashagabriel/GoldenHive/golden-hive/node_modules/typescript/lib/lib.es2021.intl.d.ts
/home/nyashagabriel/GoldenHive/golden-hive/node_modules/typescript/lib/lib.es2022.array.d.ts
/home/nyashagabriel/GoldenHive/golden-hive/node_modules/typescript/lib/lib.es2022.error.d.ts
/home/nyashagabriel/GoldenHive/golden-hive/node_modules/typescript/lib/lib.es2022.intl.d.ts
/home/nyashagabriel/GoldenHive/golden-hive/node_modules/typescript/lib/lib.es2022.object.d.ts
/home/nyashagabriel/GoldenHive/golden-hive/node_modules/typescript/lib/lib.es2022.string.d.ts
/home/nyashagabriel/GoldenHive/golden-hive/node_modules/typescript/lib/lib.es2022.regexp.d.ts
/home/nyashagabriel/GoldenHive/golden-hive/node_modules/typescript/lib/lib.es2023.array.d.ts
/home/nyashagabriel/GoldenHive/golden-hive/node_modules/typescript/lib/lib.es2023.collection.d.ts
/home/nyashagabriel/GoldenHive/golden-hive/node_modules/typescript/lib/lib.es2023.intl.d.ts
/home/nyashagabriel/GoldenHive/golden-hive/node_modules/typescript/lib/lib.es2024.arraybuffer.d.ts
/home/nyashagabriel/GoldenHive/golden-hive/node_modules/typescript/lib/lib.es2024.collection.d.ts
/home/nyashagabriel/GoldenHive/golden-hive/node_modules/typescript/lib/lib.es2024.object.d.ts
/home/nyashagabriel/GoldenHive/golden-hive/node_modules/typescript/lib/lib.es2024.promise.d.ts
/home/nyashagabriel/GoldenHive/golden-hive/node_modules/typescript/lib/lib.es2024.regexp.d.ts
/home/nyashagabriel/GoldenHive/golden-hive/node_modules/typescript/lib/lib.es2024.sharedmemory.d.ts
/home/nyashagabriel/GoldenHive/golden-hive/node_modules/typescript/lib/lib.es2024.string.d.ts
/home/nyashagabriel/GoldenHive/golden-hive/node_modules/typescript/lib/lib.esnext.array.d.ts
/home/nyashagabriel/GoldenHive/golden-hive/node_modules/typescript/lib/lib.esnext.collection.d.ts
/home/nyashagabriel/GoldenHive/golden-hive/node_modules/typescript/lib/lib.esnext.intl.d.ts
/home/nyashagabriel/GoldenHive/golden-hive/node_modules/typescript/lib/lib.esnext.disposable.d.ts
/home/nyashagabriel/GoldenHive/golden-hive/node_modules/typescript/lib/lib.esnext.promise.d.ts
/home/nyashagabriel/GoldenHive/golden-hive/node_modules/typescript/lib/lib.esnext.decorators.d.ts
/home/nyashagabriel/GoldenHive/golden-hive/node_modules/typescript/lib/lib.esnext.iterator.d.ts
/home/nyashagabriel/GoldenHive/golden-hive/node_modules/typescript/lib/lib.esnext.float16.d.ts
/home/nyashagabriel/GoldenHive/golden-hive/node_modules/typescript/lib/lib.esnext.error.d.ts
/home/nyashagabriel/GoldenHive/golden-hive/node_modules/typescript/lib/lib.esnext.sharedmemory.d.ts
/home/nyashagabriel/GoldenHive/golden-hive/node_modules/typescript/lib/lib.decorators.d.ts
/home/nyashagabriel/GoldenHive/golden-hive/node_modules/typescript/lib/lib.decorators.legacy.d.ts
/home/nyashagabriel/GoldenHive/golden-hive/node_modules/@types/react/global.d.ts
/home/nyashagabriel/GoldenHive/golden-hive/node_modules/csstype/index.d.ts
/home/nyashagabriel/GoldenHive/golden-hive/node_modules/@types/react/index.d.ts
/home/nyashagabriel/GoldenHive/golden-hive/node_modules/next/dist/styled-jsx/types/css.d.ts
/home/nyashagabriel/GoldenHive/golden-hive/node_modules/next/dist/styled-jsx/types/macro.d.ts
/home/nyashagabriel/GoldenHive/golden-hive/node_modules/next/dist/styled-jsx/types/style.d.ts
/home/nyashagabriel/GoldenHive/golden-hive/node_modules/next/dist/styled-jsx/types/global.d.ts
/home/nyashagabriel/GoldenHive/golden-hive/node_modules/next/dist/styled-jsx/types/index.d.ts
/home/nyashagabriel/GoldenHive/golden-hive/node_modules/next/dist/server/get-page-files.d.ts
/home/nyashagabriel/GoldenHive/golden-hive/node_modules/@types/node/compatibility/disposable.d.ts
/home/nyashagabriel/GoldenHive/golden-hive/node_modules/@types/node/compatibility/indexable.d.ts
/home/nyashagabriel/GoldenHive/golden-hive/node_modules/@types/node/compatibility/iterators.d.ts
/home/nyashagabriel/GoldenHive/golden-hive/node_modules/@types/node/compatibility/index.d.ts
/home/nyashagabriel/GoldenHive/golden-hive/node_modules/@types/node/globals.typedarray.d.ts
/home/nyashagabriel/GoldenHive/golden-hive/node_modules/@types/node/buffer.buffer.d.ts
/home/nyashagabriel/GoldenHive/golden-hive/node_modules/@types/node/globals.d.ts
/home/nyashagabriel/GoldenHive/golden-hive/node_modules/@types/node/web-globals/abortcontroller.d.ts
/home/nyashagabriel/GoldenHive/golden-hive/node_modules/@types/node/web-globals/domexception.d.ts
/home/nyashagabriel/GoldenHive/golden-hive/node_modules/@types/node/web-globals/events.d.ts
/home/nyashagabriel/GoldenHive/golden-hive/node_modules/undici-types/header.d.ts
/home/nyashagabriel/GoldenHive/golden-hive/node_modules/undici-types/readable.d.ts
/home/nyashagabriel/GoldenHive/golden-hive/node_modules/undici-types/file.d.ts
/home/nyashagabriel/GoldenHive/golden-hive/node_modules/undici-types/fetch.d.ts
/home/nyashagabriel/GoldenHive/golden-hive/node_modules/undici-types/formdata.d.ts
/home/nyashagabriel/GoldenHive/golden-hive/node_modules/undici-types/connector.d.ts
/home/nyashagabriel/GoldenHive/golden-hive/node_modules/undici-types/client.d.ts
/home/nyashagabriel/GoldenHive/golden-hive/node_modules/undici-types/errors.d.ts
/home/nyashagabriel/GoldenHive/golden-hive/node_modules/undici-types/dispatcher.d.ts
/home/nyashagabriel/GoldenHive/golden-hive/node_modules/undici-types/global-dispatcher.d.ts
/home/nyashagabriel/GoldenHive/golden-hive/node_modules/undici-types/global-origin.d.ts
/home/nyashagabriel/GoldenHive/golden-hive/node_modules/undici-types/pool-stats.d.ts
/home/nyashagabriel/GoldenHive/golden-hive/node_modules/undici-types/pool.d.ts
/home/nyashagabriel/GoldenHive/golden-hive/node_modules/undici-types/handlers.d.ts
/home/nyashagabriel/GoldenHive/golden-hive/node_modules/undici-types/balanced-pool.d.ts
/home/nyashagabriel/GoldenHive/golden-hive/node_modules/undici-types/agent.d.ts
/home/nyashagabriel/GoldenHive/golden-hive/node_modules/undici-types/mock-interceptor.d.ts
/home/nyashagabriel/GoldenHive/golden-hive/node_modules/undici-types/mock-agent.d.ts
/home/nyashagabriel/GoldenHive/golden-hive/node_modules/undici-types/mock-client.d.ts
/home/nyashagabriel/GoldenHive/golden-hive/node_modules/undici-types/mock-pool.d.ts
/home/nyashagabriel/GoldenHive/golden-hive/node_modules/undici-types/mock-errors.d.ts
/home/nyashagabriel/GoldenHive/golden-hive/node_modules/undici-types/proxy-agent.d.ts
/home/nyashagabriel/GoldenHive/golden-hive/node_modules/undici-types/env-http-proxy-agent.d.ts
/home/nyashagabriel/GoldenHive/golden-hive/node_modules/undici-types/retry-handler.d.ts
/home/nyashagabriel/GoldenHive/golden-hive/node_modules/undici-types/retry-agent.d.ts
/home/nyashagabriel/GoldenHive/golden-hive/node_modules/undici-types/api.d.ts
/home/nyashagabriel/GoldenHive/golden-hive/node_modules/undici-types/interceptors.d.ts
/home/nyashagabriel/GoldenHive/golden-hive/node_modules/undici-types/util.d.ts
/home/nyashagabriel/GoldenHive/golden-hive/node_modules/undici-types/cookies.d.ts
/home/nyashagabriel/GoldenHive/golden-hive/node_modules/undici-types/patch.d.ts
/home/nyashagabriel/GoldenHive/golden-hive/node_modules/undici-types/websocket.d.ts
/home/nyashagabriel/GoldenHive/golden-hive/node_modules/undici-types/eventsource.d.ts
/home/nyashagabriel/GoldenHive/golden-hive/node_modules/undici-types/filereader.d.ts
/home/nyashagabriel/GoldenHive/golden-hive/node_modules/undici-types/diagnostics-channel.d.ts
/home/nyashagabriel/GoldenHive/golden-hive/node_modules/undici-types/content-type.d.ts
/home/nyashagabriel/GoldenHive/golden-hive/node_modules/undici-types/cache.d.ts
/home/nyashagabriel/GoldenHive/golden-hive/node_modules/undici-types/index.d.ts
/home/nyashagabriel/GoldenHive/golden-hive/node_modules/@types/node/web-globals/fetch.d.ts
/home/nyashagabriel/GoldenHive/golden-hive/node_modules/@types/node/assert.d.ts
/home/nyashagabriel/GoldenHive/golden-hive/node_modules/@types/node/assert/strict.d.ts
/home/nyashagabriel/GoldenHive/golden-hive/node_modules/@types/node/async_hooks.d.ts
/home/nyashagabriel/GoldenHive/golden-hive/node_modules/@types/node/buffer.d.ts
/home/nyashagabriel/GoldenHive/golden-hive/node_modules/@types/node/child_process.d.ts
/home/nyashagabriel/GoldenHive/golden-hive/node_modules/@types/node/cluster.d.ts
/home/nyashagabriel/GoldenHive/golden-hive/node_modules/@types/node/console.d.ts
/home/nyashagabriel/GoldenHive/golden-hive/node_modules/@types/node/constants.d.ts
/home/nyashagabriel/GoldenHive/golden-hive/node_modules/@types/node/crypto.d.ts
/home/nyashagabriel/GoldenHive/golden-hive/node_modules/@types/node/dgram.d.ts
/home/nyashagabriel/GoldenHive/golden-hive/node_modules/@types/node/diagnostics_channel.d.ts
/home/nyashagabriel/GoldenHive/golden-hive/node_modules/@types/node/dns.d.ts
/home/nyashagabriel/GoldenHive/golden-hive/node_modules/@types/node/dns/promises.d.ts
/home/nyashagabriel/GoldenHive/golden-hive/node_modules/@types/node/domain.d.ts
/home/nyashagabriel/GoldenHive/golden-hive/node_modules/@types/node/events.d.ts
/home/nyashagabriel/GoldenHive/golden-hive/node_modules/@types/node/fs.d.ts
/home/nyashagabriel/GoldenHive/golden-hive/node_modules/@types/node/fs/promises.d.ts
/home/nyashagabriel/GoldenHive/golden-hive/node_modules/@types/node/http.d.ts
/home/nyashagabriel/GoldenHive/golden-hive/node_modules/@types/node/http2.d.ts
/home/nyashagabriel/GoldenHive/golden-hive/node_modules/@types/node/https.d.ts
/home/nyashagabriel/GoldenHive/golden-hive/node_modules/@types/node/inspector.generated.d.ts
/home/nyashagabriel/GoldenHive/golden-hive/node_modules/@types/node/module.d.ts
/home/nyashagabriel/GoldenHive/golden-hive/node_modules/@types/node/net.d.ts
/home/nyashagabriel/GoldenHive/golden-hive/node_modules/@types/node/os.d.ts
/home/nyashagabriel/GoldenHive/golden-hive/node_modules/@types/node/path.d.ts
/home/nyashagabriel/GoldenHive/golden-hive/node_modules/@types/node/perf_hooks.d.ts
/home/nyashagabriel/GoldenHive/golden-hive/node_modules/@types/node/process.d.ts
/home/nyashagabriel/GoldenHive/golden-hive/node_modules/@types/node/punycode.d.ts
/home/nyashagabriel/GoldenHive/golden-hive/node_modules/@types/node/querystring.d.ts
/home/nyashagabriel/GoldenHive/golden-hive/node_modules/@types/node/readline.d.ts
/home/nyashagabriel/GoldenHive/golden-hive/node_modules/@types/node/readline/promises.d.ts
/home/nyashagabriel/GoldenHive/golden-hive/node_modules/@types/node/repl.d.ts
/home/nyashagabriel/GoldenHive/golden-hive/node_modules/@types/node/sea.d.ts
/home/nyashagabriel/GoldenHive/golden-hive/node_modules/@types/node/stream.d.ts
/home/nyashagabriel/GoldenHive/golden-hive/node_modules/@types/node/stream/promises.d.ts
/home/nyashagabriel/GoldenHive/golden-hive/node_modules/@types/node/stream/consumers.d.ts
/home/nyashagabriel/GoldenHive/golden-hive/node_modules/@types/node/stream/web.d.ts
/home/nyashagabriel/GoldenHive/golden-hive/node_modules/@types/node/string_decoder.d.ts
/home/nyashagabriel/GoldenHive/golden-hive/node_modules/@types/node/test.d.ts
/home/nyashagabriel/GoldenHive/golden-hive/node_modules/@types/node/timers.d.ts
/home/nyashagabriel/GoldenHive/golden-hive/node_modules/@types/node/timers/promises.d.ts
/home/nyashagabriel/GoldenHive/golden-hive/node_modules/@types/node/tls.d.ts
/home/nyashagabriel/GoldenHive/golden-hive/node_modules/@types/node/trace_events.d.ts
/home/nyashagabriel/GoldenHive/golden-hive/node_modules/@types/node/tty.d.ts
/home/nyashagabriel/GoldenHive/golden-hive/node_modules/@types/node/url.d.ts
/home/nyashagabriel/GoldenHive/golden-hive/node_modules/@types/node/util.d.ts
/home/nyashagabriel/GoldenHive/golden-hive/node_modules/@types/node/v8.d.ts
/home/nyashagabriel/GoldenHive/golden-hive/node_modules/@types/node/vm.d.ts
/home/nyashagabriel/GoldenHive/golden-hive/node_modules/@types/node/wasi.d.ts
/home/nyashagabriel/GoldenHive/golden-hive/node_modules/@types/node/worker_threads.d.ts
/home/nyashagabriel/GoldenHive/golden-hive/node_modules/@types/node/zlib.d.ts
/home/nyashagabriel/GoldenHive/golden-hive/node_modules/@types/node/index.d.ts
/home/nyashagabriel/GoldenHive/golden-hive/node_modules/@types/react/canary.d.ts
/home/nyashagabriel/GoldenHive/golden-hive/node_modules/@types/react/experimental.d.ts
/home/nyashagabriel/GoldenHive/golden-hive/node_modules/@types/react-dom/index.d.ts
/home/nyashagabriel/GoldenHive/golden-hive/node_modules/@types/react-dom/canary.d.ts
/home/nyashagabriel/GoldenHive/golden-hive/node_modules/@types/react-dom/experimental.d.ts
/home/nyashagabriel/GoldenHive/golden-hive/node_modules/next/dist/lib/fallback.d.ts
/home/nyashagabriel/GoldenHive/golden-hive/node_modules/next/dist/compiled/webpack/webpack.d.ts
/home/nyashagabriel/GoldenHive/golden-hive/node_modules/next/dist/shared/lib/modern-browserslist-target.d.ts
/home/nyashagabriel/GoldenHive/golden-hive/node_modules/next/dist/shared/lib/entry-constants.d.ts
/home/nyashagabriel/GoldenHive/golden-hive/node_modules/next/dist/shared/lib/constants.d.ts
/home/nyashagabriel/GoldenHive/golden-hive/node_modules/next/dist/lib/bundler.d.ts
/home/nyashagabriel/GoldenHive/golden-hive/node_modules/next/dist/server/config.d.ts
/home/nyashagabriel/GoldenHive/golden-hive/node_modules/next/dist/lib/load-custom-routes.d.ts
/home/nyashagabriel/GoldenHive/golden-hive/node_modules/next/dist/shared/lib/image-config.d.ts
/home/nyashagabriel/GoldenHive/golden-hive/node_modules/next/dist/build/webpack/plugins/subresource-integrity-plugin.d.ts
/home/nyashagabriel/GoldenHive/golden-hive/node_modules/next/dist/server/body-streams.d.ts
/home/nyashagabriel/GoldenHive/golden-hive/node_modules/next/dist/server/request/search-params.d.ts
/home/nyashagabriel/GoldenHive/golden-hive/node_modules/next/dist/shared/lib/segment-cache/vary-params-decoding.d.ts
/home/nyashagabriel/GoldenHive/golden-hive/node_modules/next/dist/server/app-render/vary-params.d.ts
/home/nyashagabriel/GoldenHive/golden-hive/node_modules/next/dist/server/request/params.d.ts
/home/nyashagabriel/GoldenHive/golden-hive/node_modules/next/dist/server/route-kind.d.ts
/home/nyashagabriel/GoldenHive/golden-hive/node_modules/next/dist/server/route-definitions/route-definition.d.ts
/home/nyashagabriel/GoldenHive/golden-hive/node_modules/next/dist/server/route-matches/route-match.d.ts
/home/nyashagabriel/GoldenHive/golden-hive/node_modules/next/dist/client/components/app-router-headers.d.ts
/home/nyashagabriel/GoldenHive/golden-hive/node_modules/next/dist/server/lib/cache-control.d.ts
/home/nyashagabriel/GoldenHive/golden-hive/node_modules/next/dist/shared/lib/app-router-types.d.ts
/home/nyashagabriel/GoldenHive/golden-hive/node_modules/next/dist/server/lib/cache-handlers/types.d.ts
/home/nyashagabriel/GoldenHive/golden-hive/node_modules/next/dist/server/use-cache/use-cache-wrapper.d.ts
/home/nyashagabriel/GoldenHive/golden-hive/node_modules/next/dist/server/resume-data-cache/cache-store.d.ts
/home/nyashagabriel/GoldenHive/golden-hive/node_modules/next/dist/server/resume-data-cache/resume-data-cache.d.ts
/home/nyashagabriel/GoldenHive/golden-hive/node_modules/next/dist/lib/constants.d.ts
/home/nyashagabriel/GoldenHive/golden-hive/node_modules/next/dist/server/render-result.d.ts
/home/nyashagabriel/GoldenHive/golden-hive/node_modules/next/dist/server/response-cache/types.d.ts
/home/nyashagabriel/GoldenHive/golden-hive/node_modules/next/dist/server/response-cache/index.d.ts
/home/nyashagabriel/GoldenHive/golden-hive/node_modules/@types/react/jsx-runtime.d.ts
/home/nyashagabriel/GoldenHive/golden-hive/node_modules/next/dist/next-devtools/userspace/pages/pages-dev-overlay-setup.d.ts
/home/nyashagabriel/GoldenHive/golden-hive/node_modules/next/dist/build/static-paths/types.d.ts
/home/nyashagabriel/GoldenHive/golden-hive/node_modules/next/dist/server/route-definitions/app-page-route-definition.d.ts
/home/nyashagabriel/GoldenHive/golden-hive/node_modules/next/dist/build/adapter/setup-node-env.external.d.ts
/home/nyashagabriel/GoldenHive/golden-hive/node_modules/next/dist/server/instrumentation/types.d.ts
/home/nyashagabriel/GoldenHive/golden-hive/node_modules/next/dist/lib/setup-exception-listeners.d.ts
/home/nyashagabriel/GoldenHive/golden-hive/node_modules/next/dist/lib/worker.d.ts
/home/nyashagabriel/GoldenHive/golden-hive/node_modules/next/dist/server/lib/experimental/ppr.d.ts
/home/nyashagabriel/GoldenHive/golden-hive/node_modules/next/dist/lib/page-types.d.ts
/home/nyashagabriel/GoldenHive/golden-hive/node_modules/next/dist/build/segment-config/app/app-segment-config.d.ts
/home/nyashagabriel/GoldenHive/golden-hive/node_modules/next/dist/build/segment-config/pages/pages-segment-config.d.ts
/home/nyashagabriel/GoldenHive/golden-hive/node_modules/next/dist/build/analysis/get-page-static-info.d.ts
/home/nyashagabriel/GoldenHive/golden-hive/node_modules/next/dist/build/webpack/loaders/get-module-build-info.d.ts
/home/nyashagabriel/GoldenHive/golden-hive/node_modules/next/dist/build/webpack/plugins/middleware-plugin.d.ts
/home/nyashagabriel/GoldenHive/golden-hive/node_modules/next/dist/server/require-hook.d.ts
/home/nyashagabriel/GoldenHive/golden-hive/node_modules/next/dist/server/node-polyfill-crypto.d.ts
/home/nyashagabriel/GoldenHive/golden-hive/node_modules/next/dist/server/node-environment-baseline.d.ts
/home/nyashagabriel/GoldenHive/golden-hive/node_modules/next/dist/server/node-environment-extensions/error-inspect.d.ts
/home/nyashagabriel/GoldenHive/golden-hive/node_modules/next/dist/server/node-environment-extensions/console-file.d.ts
/home/nyashagabriel/GoldenHive/golden-hive/node_modules/next/dist/server/node-environment-extensions/console-exit.d.ts
/home/nyashagabriel/GoldenHive/golden-hive/node_modules/next/dist/server/node-environment-extensions/console-dim.external.d.ts
/home/nyashagabriel/GoldenHive/golden-hive/node_modules/next/dist/server/node-environment-extensions/unhandled-rejection.external.d.ts
/home/nyashagabriel/GoldenHive/golden-hive/node_modules/next/dist/server/node-environment-extensions/random.d.ts
/home/nyashagabriel/GoldenHive/golden-hive/node_modules/next/dist/server/node-environment-extensions/date.d.ts
/home/nyashagabriel/GoldenHive/golden-hive/node_modules/next/dist/server/node-environment-extensions/web-crypto.d.ts
/home/nyashagabriel/GoldenHive/golden-hive/node_modules/next/dist/server/node-environment-extensions/node-crypto.d.ts
/home/nyashagabriel/GoldenHive/golden-hive/node_modules/next/dist/server/node-environment-extensions/fast-set-immediate.external.d.ts
/home/nyashagabriel/GoldenHive/golden-hive/node_modules/next/dist/server/node-environment.d.ts
/home/nyashagabriel/GoldenHive/golden-hive/node_modules/next/dist/build/page-extensions-type.d.ts
/home/nyashagabriel/GoldenHive/golden-hive/node_modules/next/dist/server/route-modules/app-page/module.compiled.d.ts
/home/nyashagabriel/GoldenHive/golden-hive/node_modules/next/dist/server/route-definitions/app-route-route-definition.d.ts
/home/nyashagabriel/GoldenHive/golden-hive/node_modules/next/dist/server/lib/i18n-provider.d.ts
/home/nyashagabriel/GoldenHive/golden-hive/node_modules/next/dist/server/web/next-url.d.ts
/home/nyashagabriel/GoldenHive/golden-hive/node_modules/next/dist/compiled/@edge-runtime/cookies/index.d.ts
/home/nyashagabriel/GoldenHive/golden-hive/node_modules/next/dist/server/web/spec-extension/cookies.d.ts
/home/nyashagabriel/GoldenHive/golden-hive/node_modules/next/dist/server/web/spec-extension/request.d.ts
/home/nyashagabriel/GoldenHive/golden-hive/node_modules/next/dist/shared/lib/deep-readonly.d.ts
/home/nyashagabriel/GoldenHive/golden-hive/node_modules/next/dist/server/lib/incremental-cache/index.d.ts
/home/nyashagabriel/GoldenHive/golden-hive/node_modules/next/dist/shared/lib/router/utils/middleware-route-matcher.d.ts
/home/nyashagabriel/GoldenHive/golden-hive/node_modules/next/dist/build/webpack/plugins/flight-manifest-plugin.d.ts
/home/nyashagabriel/GoldenHive/golden-hive/node_modules/next/dist/build/webpack/plugins/next-font-manifest-plugin.d.ts
/home/nyashagabriel/GoldenHive/golden-hive/node_modules/next/dist/server/route-definitions/locale-route-definition.d.ts
/home/nyashagabriel/GoldenHive/golden-hive/node_modules/next/dist/server/route-definitions/pages-route-definition.d.ts
/home/nyashagabriel/GoldenHive/golden-hive/node_modules/next/dist/shared/lib/mitt.d.ts
/home/nyashagabriel/GoldenHive/golden-hive/node_modules/next/dist/client/with-router.d.ts
/home/nyashagabriel/GoldenHive/golden-hive/node_modules/next/dist/client/router.d.ts
/home/nyashagabriel/GoldenHive/golden-hive/node_modules/next/dist/client/route-loader.d.ts
/home/nyashagabriel/GoldenHive/golden-hive/node_modules/next/dist/client/page-loader.d.ts
/home/nyashagabriel/GoldenHive/golden-hive/node_modules/next/dist/shared/lib/bloom-filter.d.ts
/home/nyashagabriel/GoldenHive/golden-hive/node_modules/next/dist/shared/lib/router/router.d.ts
/home/nyashagabriel/GoldenHive/golden-hive/node_modules/next/dist/shared/lib/router-context.shared-runtime.d.ts
/home/nyashagabriel/GoldenHive/golden-hive/node_modules/next/dist/shared/lib/loadable-context.shared-runtime.d.ts
/home/nyashagabriel/GoldenHive/golden-hive/node_modules/next/dist/shared/lib/loadable.shared-runtime.d.ts
/home/nyashagabriel/GoldenHive/golden-hive/node_modules/next/dist/shared/lib/image-config-context.shared-runtime.d.ts
/home/nyashagabriel/GoldenHive/golden-hive/node_modules/next/dist/client/components/readonly-url-search-params.d.ts
/home/nyashagabriel/GoldenHive/golden-hive/node_modules/next/dist/shared/lib/hooks-client-context.shared-runtime.d.ts
/home/nyashagabriel/GoldenHive/golden-hive/node_modules/next/dist/shared/lib/head-manager-context.shared-runtime.d.ts
/home/nyashagabriel/GoldenHive/golden-hive/node_modules/next/dist/client/flight-data-helpers.d.ts
/home/nyashagabriel/GoldenHive/golden-hive/node_modules/next/dist/client/components/segment-cache/cache-key.d.ts
/home/nyashagabriel/GoldenHive/golden-hive/node_modules/next/dist/client/components/router-reducer/fetch-server-response.d.ts
/home/nyashagabriel/GoldenHive/golden-hive/node_modules/next/dist/client/components/segment-cache/types.d.ts
/home/nyashagabriel/GoldenHive/golden-hive/node_modules/next/dist/shared/lib/segment-cache/segment-value-encoding.d.ts
/home/nyashagabriel/GoldenHive/golden-hive/node_modules/next/dist/client/components/segment-cache/scheduler.d.ts
/home/nyashagabriel/GoldenHive/golden-hive/node_modules/next/dist/client/components/segment-cache/cache-map.d.ts
/home/nyashagabriel/GoldenHive/golden-hive/node_modules/next/dist/client/components/segment-cache/vary-path.d.ts
/home/nyashagabriel/GoldenHive/golden-hive/node_modules/next/dist/client/components/segment-cache/cache.d.ts
/home/nyashagabriel/GoldenHive/golden-hive/node_modules/next/dist/client/components/router-reducer/ppr-navigations.d.ts
/home/nyashagabriel/GoldenHive/golden-hive/node_modules/next/dist/client/components/segment-cache/navigation.d.ts
/home/nyashagabriel/GoldenHive/golden-hive/node_modules/next/dist/client/components/router-reducer/router-reducer-types.d.ts
/home/nyashagabriel/GoldenHive/golden-hive/node_modules/next/dist/shared/lib/app-router-context.shared-runtime.d.ts
/home/nyashagabriel/GoldenHive/golden-hive/node_modules/next/dist/shared/lib/server-inserted-html.shared-runtime.d.ts
/home/nyashagabriel/GoldenHive/golden-hive/node_modules/next/dist/server/route-modules/pages/vendored/contexts/entrypoints.d.ts
/home/nyashagabriel/GoldenHive/golden-hive/node_modules/next/dist/server/route-modules/pages/module.compiled.d.ts
/home/nyashagabriel/GoldenHive/golden-hive/node_modules/next/dist/build/templates/pages.d.ts
/home/nyashagabriel/GoldenHive/golden-hive/node_modules/next/dist/server/route-modules/pages/module.d.ts
/home/nyashagabriel/GoldenHive/golden-hive/node_modules/next/dist/server/render.d.ts
/home/nyashagabriel/GoldenHive/golden-hive/node_modules/next/dist/build/webpack/plugins/pages-manifest-plugin.d.ts
/home/nyashagabriel/GoldenHive/golden-hive/node_modules/next/dist/server/route-definitions/pages-api-route-definition.d.ts
/home/nyashagabriel/GoldenHive/golden-hive/node_modules/next/dist/server/route-matches/pages-api-route-match.d.ts
/home/nyashagabriel/GoldenHive/golden-hive/node_modules/next/dist/server/route-matchers/route-matcher.d.ts
/home/nyashagabriel/GoldenHive/golden-hive/node_modules/next/dist/server/route-matcher-providers/route-matcher-provider.d.ts
/home/nyashagabriel/GoldenHive/golden-hive/node_modules/next/dist/server/route-matcher-managers/route-matcher-manager.d.ts
/home/nyashagabriel/GoldenHive/golden-hive/node_modules/next/dist/server/normalizers/normalizer.d.ts
/home/nyashagabriel/GoldenHive/golden-hive/node_modules/next/dist/server/normalizers/locale-route-normalizer.d.ts
/home/nyashagabriel/GoldenHive/golden-hive/node_modules/next/dist/server/normalizers/request/pathname-normalizer.d.ts
/home/nyashagabriel/GoldenHive/golden-hive/node_modules/next/dist/server/normalizers/request/suffix.d.ts
/home/nyashagabriel/GoldenHive/golden-hive/node_modules/next/dist/server/normalizers/request/rsc.d.ts
/home/nyashagabriel/GoldenHive/golden-hive/node_modules/next/dist/server/normalizers/request/next-data.d.ts
/home/nyashagabriel/GoldenHive/golden-hive/node_modules/next/dist/server/after/builtin-request-context.d.ts
/home/nyashagabriel/GoldenHive/golden-hive/node_modules/next/dist/server/normalizers/request/segment-prefix-rsc.d.ts
/home/nyashagabriel/GoldenHive/golden-hive/node_modules/next/dist/server/route-modules/pages/builtin/_error.d.ts
/home/nyashagabriel/GoldenHive/golden-hive/node_modules/next/dist/server/load-default-error-components.d.ts
/home/nyashagabriel/GoldenHive/golden-hive/node_modules/next/dist/server/base-server.d.ts
/home/nyashagabriel/GoldenHive/golden-hive/node_modules/next/dist/server/after/after.d.ts
/home/nyashagabriel/GoldenHive/golden-hive/node_modules/next/dist/server/after/after-context.d.ts
/home/nyashagabriel/GoldenHive/golden-hive/node_modules/next/dist/server/use-cache/cache-life.d.ts
/home/nyashagabriel/GoldenHive/golden-hive/node_modules/next/dist/server/app-render/work-async-storage-instance.d.ts
/home/nyashagabriel/GoldenHive/golden-hive/node_modules/next/dist/server/lib/lazy-result.d.ts
/home/nyashagabriel/GoldenHive/golden-hive/node_modules/next/dist/server/app-render/create-error-handler.d.ts
/home/nyashagabriel/GoldenHive/golden-hive/node_modules/next/dist/shared/lib/action-revalidation-kind.d.ts
/home/nyashagabriel/GoldenHive/golden-hive/node_modules/next/dist/server/app-render/work-async-storage.external.d.ts
/home/nyashagabriel/GoldenHive/golden-hive/node_modules/next/dist/server/async-storage/work-store.d.ts
/home/nyashagabriel/GoldenHive/golden-hive/node_modules/next/dist/server/web/http.d.ts
/home/nyashagabriel/GoldenHive/golden-hive/node_modules/next/dist/client/components/hooks-server-context.d.ts
/home/nyashagabriel/GoldenHive/golden-hive/node_modules/next/dist/server/route-modules/app-route/shared-modules.d.ts
/home/nyashagabriel/GoldenHive/golden-hive/node_modules/next/dist/client/components/redirect-status-code.d.ts
/home/nyashagabriel/GoldenHive/golden-hive/node_modules/next/dist/client/components/redirect-error.d.ts
/home/nyashagabriel/GoldenHive/golden-hive/node_modules/next/dist/server/web/spec-extension/adapters/request-cookies.d.ts
/home/nyashagabriel/GoldenHive/golden-hive/node_modules/next/dist/server/async-storage/draft-mode-provider.d.ts
/home/nyashagabriel/GoldenHive/golden-hive/node_modules/next/dist/server/web/spec-extension/adapters/headers.d.ts
/home/nyashagabriel/GoldenHive/golden-hive/node_modules/next/dist/server/app-render/cache-signal.d.ts
/home/nyashagabriel/GoldenHive/golden-hive/node_modules/next/dist/server/app-render/instant-validation/boundary-tracking.d.ts
/home/nyashagabriel/GoldenHive/golden-hive/node_modules/next/dist/server/app-render/instant-validation/instant-validation-error.d.ts
/home/nyashagabriel/GoldenHive/golden-hive/node_modules/next/dist/shared/lib/router/utils/parse-relative-url.d.ts
/home/nyashagabriel/GoldenHive/golden-hive/node_modules/next/dist/server/app-render/instant-validation/instant-samples.d.ts
/home/nyashagabriel/GoldenHive/golden-hive/node_modules/next/dist/server/app-render/dynamic-rendering.d.ts
/home/nyashagabriel/GoldenHive/golden-hive/node_modules/next/dist/server/app-render/work-unit-async-storage-instance.d.ts
/home/nyashagabriel/GoldenHive/golden-hive/node_modules/next/dist/server/lib/implicit-tags.d.ts
/home/nyashagabriel/GoldenHive/golden-hive/node_modules/next/dist/server/app-render/staged-rendering.d.ts
/home/nyashagabriel/GoldenHive/golden-hive/node_modules/next/dist/server/app-render/work-unit-async-storage.external.d.ts
/home/nyashagabriel/GoldenHive/golden-hive/node_modules/next/dist/build/templates/app-route.d.ts
/home/nyashagabriel/GoldenHive/golden-hive/node_modules/next/dist/server/app-render/action-async-storage-instance.d.ts
/home/nyashagabriel/GoldenHive/golden-hive/node_modules/next/dist/server/app-render/action-async-storage.external.d.ts
/home/nyashagabriel/GoldenHive/golden-hive/node_modules/next/dist/server/route-modules/app-route/module.d.ts
/home/nyashagabriel/GoldenHive/golden-hive/node_modules/next/dist/server/route-modules/app-route/module.compiled.d.ts
/home/nyashagabriel/GoldenHive/golden-hive/node_modules/next/dist/build/segment-config/app/app-segments.d.ts
/home/nyashagabriel/GoldenHive/golden-hive/node_modules/next/dist/build/get-supported-browsers.d.ts
/home/nyashagabriel/GoldenHive/golden-hive/node_modules/next/dist/build/utils.d.ts
/home/nyashagabriel/GoldenHive/golden-hive/node_modules/next/dist/build/rendering-mode.d.ts
/home/nyashagabriel/GoldenHive/golden-hive/node_modules/next/dist/server/lib/router-utils/build-prefetch-segment-data-route.d.ts
/home/nyashagabriel/GoldenHive/golden-hive/node_modules/next/dist/server/lib/cpu-profile.d.ts
/home/nyashagabriel/GoldenHive/golden-hive/node_modules/next/dist/build/turborepo-access-trace/types.d.ts
/home/nyashagabriel/GoldenHive/golden-hive/node_modules/next/dist/build/turborepo-access-trace/result.d.ts
/home/nyashagabriel/GoldenHive/golden-hive/node_modules/next/dist/build/turborepo-access-trace/helpers.d.ts
/home/nyashagabriel/GoldenHive/golden-hive/node_modules/next/dist/build/turborepo-access-trace/index.d.ts
/home/nyashagabriel/GoldenHive/golden-hive/node_modules/next/dist/export/routes/types.d.ts
/home/nyashagabriel/GoldenHive/golden-hive/node_modules/next/dist/export/types.d.ts
/home/nyashagabriel/GoldenHive/golden-hive/node_modules/next/dist/export/worker.d.ts
/home/nyashagabriel/GoldenHive/golden-hive/node_modules/next/dist/build/worker.d.ts
/home/nyashagabriel/GoldenHive/golden-hive/node_modules/next/dist/build/index.d.ts
/home/nyashagabriel/GoldenHive/golden-hive/node_modules/next/dist/lib/coalesced-function.d.ts
/home/nyashagabriel/GoldenHive/golden-hive/node_modules/next/dist/server/lib/router-utils/types.d.ts
/home/nyashagabriel/GoldenHive/golden-hive/node_modules/next/dist/trace/types.d.ts
/home/nyashagabriel/GoldenHive/golden-hive/node_modules/next/dist/trace/trace.d.ts
/home/nyashagabriel/GoldenHive/golden-hive/node_modules/next/dist/trace/shared.d.ts
/home/nyashagabriel/GoldenHive/golden-hive/node_modules/next/dist/trace/index.d.ts
/home/nyashagabriel/GoldenHive/golden-hive/node_modules/next/dist/build/load-jsconfig.d.ts
/home/nyashagabriel/GoldenHive/golden-hive/node_modules/@next/env/dist/index.d.ts
/home/nyashagabriel/GoldenHive/golden-hive/node_modules/next/dist/build/webpack/plugins/telemetry-plugin/use-cache-tracker-utils.d.ts
/home/nyashagabriel/GoldenHive/golden-hive/node_modules/next/dist/build/webpack/plugins/telemetry-plugin/telemetry-plugin.d.ts
/home/nyashagabriel/GoldenHive/golden-hive/node_modules/next/dist/telemetry/storage.d.ts
/home/nyashagabriel/GoldenHive/golden-hive/node_modules/next/dist/build/build-context.d.ts
/home/nyashagabriel/GoldenHive/golden-hive/node_modules/next/dist/build/webpack-config.d.ts
/home/nyashagabriel/GoldenHive/golden-hive/node_modules/next/dist/build/swc/generated-native.d.ts
/home/nyashagabriel/GoldenHive/golden-hive/node_modules/next/dist/build/define-env.d.ts
/home/nyashagabriel/GoldenHive/golden-hive/node_modules/next/dist/build/swc/index.d.ts
/home/nyashagabriel/GoldenHive/golden-hive/node_modules/next/dist/build/swc/types.d.ts
/home/nyashagabriel/GoldenHive/golden-hive/node_modules/next/dist/server/dev/parse-version-info.d.ts
/home/nyashagabriel/GoldenHive/golden-hive/node_modules/next/dist/next-devtools/shared/types.d.ts
/home/nyashagabriel/GoldenHive/golden-hive/node_modules/next/dist/server/dev/dev-indicator-server-state.d.ts
/home/nyashagabriel/GoldenHive/golden-hive/node_modules/next/dist/next-devtools/dev-overlay/cache-indicator.d.ts
/home/nyashagabriel/GoldenHive/golden-hive/node_modules/next/dist/server/lib/parse-stack.d.ts
/home/nyashagabriel/GoldenHive/golden-hive/node_modules/next/dist/next-devtools/server/shared.d.ts
/home/nyashagabriel/GoldenHive/golden-hive/node_modules/next/dist/next-devtools/shared/stack-frame.d.ts
/home/nyashagabriel/GoldenHive/golden-hive/node_modules/next/dist/next-devtools/dev-overlay/utils/get-error-by-type.d.ts
/home/nyashagabriel/GoldenHive/golden-hive/node_modules/next/dist/next-devtools/dev-overlay/container/runtime-error/render-error.d.ts
/home/nyashagabriel/GoldenHive/golden-hive/node_modules/next/dist/next-devtools/dev-overlay/shared.d.ts
/home/nyashagabriel/GoldenHive/golden-hive/node_modules/next/dist/server/dev/debug-channel.d.ts
/home/nyashagabriel/GoldenHive/golden-hive/node_modules/next/dist/server/dev/hot-reloader-types.d.ts
/home/nyashagabriel/GoldenHive/golden-hive/node_modules/next/dist/server/web/spec-extension/fetch-event.d.ts
/home/nyashagabriel/GoldenHive/golden-hive/node_modules/next/dist/server/web/spec-extension/response.d.ts
/home/nyashagabriel/GoldenHive/golden-hive/node_modules/next/dist/build/segment-config/middleware/middleware-config.d.ts
/home/nyashagabriel/GoldenHive/golden-hive/node_modules/next/dist/server/web/types.d.ts
/home/nyashagabriel/GoldenHive/golden-hive/node_modules/next/dist/shared/lib/router/utils/parse-url.d.ts
/home/nyashagabriel/GoldenHive/golden-hive/node_modules/next/dist/server/base-http/node.d.ts
/home/nyashagabriel/GoldenHive/golden-hive/node_modules/next/dist/server/lib/async-callback-set.d.ts
/home/nyashagabriel/GoldenHive/golden-hive/node_modules/next/dist/shared/lib/router/utils/route-regex.d.ts
/home/nyashagabriel/GoldenHive/golden-hive/node_modules/next/dist/shared/lib/router/utils/route-matcher.d.ts
/home/nyashagabriel/GoldenHive/golden-hive/node_modules/sharp/lib/index.d.ts
/home/nyashagabriel/GoldenHive/golden-hive/node_modules/next/dist/server/image-optimizer.d.ts
/home/nyashagabriel/GoldenHive/golden-hive/node_modules/next/dist/server/next-server.d.ts
/home/nyashagabriel/GoldenHive/golden-hive/node_modules/next/dist/server/lib/types.d.ts
/home/nyashagabriel/GoldenHive/golden-hive/node_modules/next/dist/server/lib/lru-cache.d.ts
/home/nyashagabriel/GoldenHive/golden-hive/node_modules/next/dist/server/lib/dev-bundler-service.d.ts
/home/nyashagabriel/GoldenHive/golden-hive/node_modules/next/dist/server/dev/static-paths-worker.d.ts
/home/nyashagabriel/GoldenHive/golden-hive/node_modules/next/dist/server/dev/next-dev-server.d.ts
/home/nyashagabriel/GoldenHive/golden-hive/node_modules/next/dist/server/next.d.ts
/home/nyashagabriel/GoldenHive/golden-hive/node_modules/next/dist/server/lib/render-server.d.ts
/home/nyashagabriel/GoldenHive/golden-hive/node_modules/next/dist/server/lib/router-server.d.ts
/home/nyashagabriel/GoldenHive/golden-hive/node_modules/next/dist/shared/lib/router/utils/path-match.d.ts
/home/nyashagabriel/GoldenHive/golden-hive/node_modules/next/dist/server/lib/router-utils/filesystem.d.ts
/home/nyashagabriel/GoldenHive/golden-hive/node_modules/next/dist/server/lib/router-utils/setup-dev-bundler.d.ts
/home/nyashagabriel/GoldenHive/golden-hive/node_modules/next/dist/server/lib/router-utils/router-server-context.d.ts
/home/nyashagabriel/GoldenHive/golden-hive/node_modules/next/dist/server/route-modules/route-module.d.ts
/home/nyashagabriel/GoldenHive/golden-hive/node_modules/next/dist/server/load-components.d.ts
/home/nyashagabriel/GoldenHive/golden-hive/node_modules/next/dist/server/web/adapter.d.ts
/home/nyashagabriel/GoldenHive/golden-hive/node_modules/next/dist/server/app-render/types.d.ts
/home/nyashagabriel/GoldenHive/golden-hive/node_modules/next/dist/build/webpack/loaders/metadata/types.d.ts
/home/nyashagabriel/GoldenHive/golden-hive/node_modules/next/dist/build/webpack/loaders/next-app-loader/index.d.ts
/home/nyashagabriel/GoldenHive/golden-hive/node_modules/next/dist/server/lib/app-dir-module.d.ts
/home/nyashagabriel/GoldenHive/golden-hive/node_modules/next/dist/server/app-render/app-render.d.ts
/home/nyashagabriel/GoldenHive/golden-hive/node_modules/next/dist/server/route-modules/app-page/vendored/contexts/entrypoints.d.ts
/home/nyashagabriel/GoldenHive/golden-hive/node_modules/next/dist/client/components/error-boundary.d.ts
/home/nyashagabriel/GoldenHive/golden-hive/node_modules/next/dist/client/components/layout-router.d.ts
/home/nyashagabriel/GoldenHive/golden-hive/node_modules/next/dist/client/components/render-from-template-context.d.ts
/home/nyashagabriel/GoldenHive/golden-hive/node_modules/next/dist/client/components/client-page.d.ts
/home/nyashagabriel/GoldenHive/golden-hive/node_modules/next/dist/client/components/client-segment.d.ts
/home/nyashagabriel/GoldenHive/golden-hive/node_modules/next/dist/client/components/http-access-fallback/error-boundary.d.ts
/home/nyashagabriel/GoldenHive/golden-hive/node_modules/next/dist/lib/metadata/types/alternative-urls-types.d.ts
/home/nyashagabriel/GoldenHive/golden-hive/node_modules/next/dist/lib/metadata/types/extra-types.d.ts
/home/nyashagabriel/GoldenHive/golden-hive/node_modules/next/dist/lib/metadata/types/metadata-types.d.ts
/home/nyashagabriel/GoldenHive/golden-hive/node_modules/next/dist/lib/metadata/types/manifest-types.d.ts
/home/nyashagabriel/GoldenHive/golden-hive/node_modules/next/dist/lib/metadata/types/opengraph-types.d.ts
/home/nyashagabriel/GoldenHive/golden-hive/node_modules/next/dist/lib/metadata/types/twitter-types.d.ts
/home/nyashagabriel/GoldenHive/golden-hive/node_modules/next/dist/lib/metadata/types/metadata-interface.d.ts
/home/nyashagabriel/GoldenHive/golden-hive/node_modules/next/dist/lib/metadata/types/resolvers.d.ts
/home/nyashagabriel/GoldenHive/golden-hive/node_modules/next/dist/lib/metadata/types/icons.d.ts
/home/nyashagabriel/GoldenHive/golden-hive/node_modules/next/dist/lib/metadata/resolve-metadata.d.ts
/home/nyashagabriel/GoldenHive/golden-hive/node_modules/next/dist/lib/metadata/metadata.d.ts
/home/nyashagabriel/GoldenHive/golden-hive/node_modules/next/dist/lib/framework/boundary-components.d.ts
/home/nyashagabriel/GoldenHive/golden-hive/node_modules/next/dist/server/app-render/rsc/preloads.d.ts
/home/nyashagabriel/GoldenHive/golden-hive/node_modules/next/dist/server/app-render/rsc/postpone.d.ts
/home/nyashagabriel/GoldenHive/golden-hive/node_modules/next/dist/server/app-render/rsc/taint.d.ts
/home/nyashagabriel/GoldenHive/golden-hive/node_modules/next/dist/server/app-render/collect-segment-data.d.ts
/home/nyashagabriel/GoldenHive/golden-hive/node_modules/next/dist/server/app-render/instant-validation/instant-validation.d.ts
/home/nyashagabriel/GoldenHive/golden-hive/node_modules/next/dist/next-devtools/userspace/app/segment-explorer-node.d.ts
/home/nyashagabriel/GoldenHive/golden-hive/node_modules/next/dist/server/app-render/entry-base.d.ts
/home/nyashagabriel/GoldenHive/golden-hive/node_modules/next/dist/build/templates/app-page.d.ts
/home/nyashagabriel/GoldenHive/golden-hive/node_modules/next/dist/server/route-modules/app-page/helpers/prerender-manifest-matcher.d.ts
/home/nyashagabriel/GoldenHive/golden-hive/node_modules/@types/react/jsx-dev-runtime.d.ts
/home/nyashagabriel/GoldenHive/golden-hive/node_modules/@types/react/compiler-runtime.d.ts
/home/nyashagabriel/GoldenHive/golden-hive/node_modules/next/dist/server/route-modules/app-page/vendored/rsc/entrypoints.d.ts
/home/nyashagabriel/GoldenHive/golden-hive/node_modules/@types/react-dom/client.d.ts
/home/nyashagabriel/GoldenHive/golden-hive/node_modules/@types/react-dom/static.d.ts
/home/nyashagabriel/GoldenHive/golden-hive/node_modules/@types/react-dom/server.d.ts
/home/nyashagabriel/GoldenHive/golden-hive/node_modules/next/dist/server/route-modules/app-page/vendored/ssr/entrypoints.d.ts
/home/nyashagabriel/GoldenHive/golden-hive/node_modules/next/dist/server/route-modules/app-page/module.d.ts
/home/nyashagabriel/GoldenHive/golden-hive/node_modules/next/dist/server/request/fallback-params.d.ts
/home/nyashagabriel/GoldenHive/golden-hive/node_modules/next/dist/server/web/spec-extension/image-response.d.ts
/home/nyashagabriel/GoldenHive/golden-hive/node_modules/next/dist/server/web/spec-extension/user-agent.d.ts
/home/nyashagabriel/GoldenHive/golden-hive/node_modules/next/dist/server/web/spec-extension/url-pattern.d.ts
/home/nyashagabriel/GoldenHive/golden-hive/node_modules/next/dist/server/after/index.d.ts
/home/nyashagabriel/GoldenHive/golden-hive/node_modules/next/dist/server/request/connection.d.ts
/home/nyashagabriel/GoldenHive/golden-hive/node_modules/next/dist/server/web/exports/index.d.ts
/home/nyashagabriel/GoldenHive/golden-hive/node_modules/next/dist/server/request-meta.d.ts
/home/nyashagabriel/GoldenHive/golden-hive/node_modules/next/dist/cli/next-test.d.ts
/home/nyashagabriel/GoldenHive/golden-hive/node_modules/next/dist/shared/lib/size-limit.d.ts
/home/nyashagabriel/GoldenHive/golden-hive/node_modules/next/dist/server/config-shared.d.ts
/home/nyashagabriel/GoldenHive/golden-hive/node_modules/next/dist/server/base-http/index.d.ts
/home/nyashagabriel/GoldenHive/golden-hive/node_modules/next/dist/server/api-utils/index.d.ts
/home/nyashagabriel/GoldenHive/golden-hive/node_modules/next/dist/build/adapter/build-complete.d.ts
/home/nyashagabriel/GoldenHive/golden-hive/node_modules/next/dist/types.d.ts
/home/nyashagabriel/GoldenHive/golden-hive/node_modules/next/dist/shared/lib/html-context.shared-runtime.d.ts
/home/nyashagabriel/GoldenHive/golden-hive/node_modules/next/dist/shared/lib/utils.d.ts
/home/nyashagabriel/GoldenHive/golden-hive/node_modules/next/dist/pages/_app.d.ts
/home/nyashagabriel/GoldenHive/golden-hive/node_modules/next/app.d.ts
/home/nyashagabriel/GoldenHive/golden-hive/node_modules/next/dist/server/web/spec-extension/unstable-cache.d.ts
/home/nyashagabriel/GoldenHive/golden-hive/node_modules/next/dist/server/web/spec-extension/revalidate.d.ts
/home/nyashagabriel/GoldenHive/golden-hive/node_modules/next/dist/server/web/spec-extension/unstable-no-store.d.ts
/home/nyashagabriel/GoldenHive/golden-hive/node_modules/next/dist/server/use-cache/cache-tag.d.ts
/home/nyashagabriel/GoldenHive/golden-hive/node_modules/next/cache.d.ts
/home/nyashagabriel/GoldenHive/golden-hive/node_modules/next/dist/pages/_document.d.ts
/home/nyashagabriel/GoldenHive/golden-hive/node_modules/next/document.d.ts
/home/nyashagabriel/GoldenHive/golden-hive/node_modules/next/dist/shared/lib/dynamic.d.ts
/home/nyashagabriel/GoldenHive/golden-hive/node_modules/next/dynamic.d.ts
/home/nyashagabriel/GoldenHive/golden-hive/node_modules/next/dist/pages/_error.d.ts
/home/nyashagabriel/GoldenHive/golden-hive/node_modules/next/dist/client/components/catch-error.d.ts
/home/nyashagabriel/GoldenHive/golden-hive/node_modules/next/dist/api/error.d.ts
/home/nyashagabriel/GoldenHive/golden-hive/node_modules/next/error.d.ts
/home/nyashagabriel/GoldenHive/golden-hive/node_modules/next/dist/shared/lib/head.d.ts
/home/nyashagabriel/GoldenHive/golden-hive/node_modules/next/head.d.ts
/home/nyashagabriel/GoldenHive/golden-hive/node_modules/next/dist/server/request/cookies.d.ts
/home/nyashagabriel/GoldenHive/golden-hive/node_modules/next/dist/server/request/headers.d.ts
/home/nyashagabriel/GoldenHive/golden-hive/node_modules/next/dist/server/request/draft-mode.d.ts
/home/nyashagabriel/GoldenHive/golden-hive/node_modules/next/headers.d.ts
/home/nyashagabriel/GoldenHive/golden-hive/node_modules/next/dist/shared/lib/get-img-props.d.ts
/home/nyashagabriel/GoldenHive/golden-hive/node_modules/next/dist/client/image-component.d.ts
/home/nyashagabriel/GoldenHive/golden-hive/node_modules/next/dist/shared/lib/image-external.d.ts
/home/nyashagabriel/GoldenHive/golden-hive/node_modules/next/image.d.ts
/home/nyashagabriel/GoldenHive/golden-hive/node_modules/next/dist/client/link.d.ts
/home/nyashagabriel/GoldenHive/golden-hive/node_modules/next/link.d.ts
/home/nyashagabriel/GoldenHive/golden-hive/node_modules/next/dist/client/components/unrecognized-action-error.d.ts
/home/nyashagabriel/GoldenHive/golden-hive/node_modules/next/dist/client/components/redirect.d.ts
/home/nyashagabriel/GoldenHive/golden-hive/node_modules/next/dist/client/components/not-found.d.ts
/home/nyashagabriel/GoldenHive/golden-hive/node_modules/next/dist/client/components/forbidden.d.ts
/home/nyashagabriel/GoldenHive/golden-hive/node_modules/next/dist/client/components/unauthorized.d.ts
/home/nyashagabriel/GoldenHive/golden-hive/node_modules/next/dist/client/components/unstable-rethrow.server.d.ts
/home/nyashagabriel/GoldenHive/golden-hive/node_modules/next/dist/client/components/unstable-rethrow.d.ts
/home/nyashagabriel/GoldenHive/golden-hive/node_modules/next/dist/client/components/navigation.react-server.d.ts
/home/nyashagabriel/GoldenHive/golden-hive/node_modules/next/dist/client/components/navigation.d.ts
/home/nyashagabriel/GoldenHive/golden-hive/node_modules/next/navigation.d.ts
/home/nyashagabriel/GoldenHive/golden-hive/node_modules/next/router.d.ts
/home/nyashagabriel/GoldenHive/golden-hive/node_modules/next/dist/client/script.d.ts
/home/nyashagabriel/GoldenHive/golden-hive/node_modules/next/script.d.ts
/home/nyashagabriel/GoldenHive/golden-hive/node_modules/next/dist/compiled/@edge-runtime/primitives/url.d.ts
/home/nyashagabriel/GoldenHive/golden-hive/node_modules/next/dist/compiled/@vercel/og/satori/index.d.ts
/home/nyashagabriel/GoldenHive/golden-hive/node_modules/next/dist/compiled/@vercel/og/types.d.ts
/home/nyashagabriel/GoldenHive/golden-hive/node_modules/next/server.d.ts
/home/nyashagabriel/GoldenHive/golden-hive/node_modules/next/types/global.d.ts
/home/nyashagabriel/GoldenHive/golden-hive/node_modules/next/types/compiled.d.ts
/home/nyashagabriel/GoldenHive/golden-hive/node_modules/next/types.d.ts
/home/nyashagabriel/GoldenHive/golden-hive/node_modules/next/index.d.ts
/home/nyashagabriel/GoldenHive/golden-hive/node_modules/next/image-types/global.d.ts
/home/nyashagabriel/GoldenHive/golden-hive/.next/dev/types/routes.d.ts
/home/nyashagabriel/GoldenHive/golden-hive/next-env.d.ts
/home/nyashagabriel/GoldenHive/golden-hive/next.config.ts
/home/nyashagabriel/GoldenHive/golden-hive/src/utils/api.ts
/home/nyashagabriel/GoldenHive/golden-hive/node_modules/@supabase/functions-js/dist/module/types.d.ts
/home/nyashagabriel/GoldenHive/golden-hive/node_modules/@supabase/functions-js/dist/module/FunctionsClient.d.ts
/home/nyashagabriel/GoldenHive/golden-hive/node_modules/@supabase/functions-js/dist/module/index.d.ts
/home/nyashagabriel/GoldenHive/golden-hive/node_modules/@supabase/postgrest-js/dist/index.d.mts
/home/nyashagabriel/GoldenHive/golden-hive/node_modules/@supabase/realtime-js/dist/module/lib/websocket-factory.d.ts
/home/nyashagabriel/GoldenHive/golden-hive/node_modules/@supabase/realtime-js/dist/module/lib/constants.d.ts
/home/nyashagabriel/GoldenHive/golden-hive/node_modules/@supabase/realtime-js/dist/module/lib/serializer.d.ts
/home/nyashagabriel/GoldenHive/golden-hive/node_modules/@supabase/realtime-js/dist/module/lib/timer.d.ts
/home/nyashagabriel/GoldenHive/golden-hive/node_modules/@supabase/realtime-js/dist/module/lib/push.d.ts
/home/nyashagabriel/GoldenHive/golden-hive/node_modules/@types/phoenix/index.d.ts
/home/nyashagabriel/GoldenHive/golden-hive/node_modules/@supabase/realtime-js/dist/module/RealtimePresence.d.ts
/home/nyashagabriel/GoldenHive/golden-hive/node_modules/@supabase/realtime-js/dist/module/RealtimeChannel.d.ts
/home/nyashagabriel/GoldenHive/golden-hive/node_modules/@supabase/realtime-js/dist/module/RealtimeClient.d.ts
/home/nyashagabriel/GoldenHive/golden-hive/node_modules/@supabase/realtime-js/dist/module/index.d.ts
/home/nyashagabriel/GoldenHive/golden-hive/node_modules/iceberg-js/dist/index.d.ts
/home/nyashagabriel/GoldenHive/golden-hive/node_modules/@supabase/storage-js/dist/index.d.mts
/home/nyashagabriel/GoldenHive/golden-hive/node_modules/@supabase/auth-js/dist/module/lib/error-codes.d.ts
/home/nyashagabriel/GoldenHive/golden-hive/node_modules/@supabase/auth-js/dist/module/lib/errors.d.ts
/home/nyashagabriel/GoldenHive/golden-hive/node_modules/@supabase/auth-js/dist/module/lib/web3/ethereum.d.ts
/home/nyashagabriel/GoldenHive/golden-hive/node_modules/@supabase/auth-js/dist/module/lib/web3/solana.d.ts
/home/nyashagabriel/GoldenHive/golden-hive/node_modules/@supabase/auth-js/dist/module/lib/webauthn.dom.d.ts
/home/nyashagabriel/GoldenHive/golden-hive/node_modules/@supabase/auth-js/dist/module/lib/helpers.d.ts
/home/nyashagabriel/GoldenHive/golden-hive/node_modules/@supabase/auth-js/dist/module/GoTrueClient.d.ts
/home/nyashagabriel/GoldenHive/golden-hive/node_modules/@supabase/auth-js/dist/module/lib/webauthn.errors.d.ts
/home/nyashagabriel/GoldenHive/golden-hive/node_modules/@supabase/auth-js/dist/module/lib/webauthn.d.ts
/home/nyashagabriel/GoldenHive/golden-hive/node_modules/@supabase/auth-js/dist/module/lib/types.d.ts
/home/nyashagabriel/GoldenHive/golden-hive/node_modules/@supabase/auth-js/dist/module/lib/fetch.d.ts
/home/nyashagabriel/GoldenHive/golden-hive/node_modules/@supabase/auth-js/dist/module/GoTrueAdminApi.d.ts
/home/nyashagabriel/GoldenHive/golden-hive/node_modules/@supabase/auth-js/dist/module/AuthAdminApi.d.ts
/home/nyashagabriel/GoldenHive/golden-hive/node_modules/@supabase/auth-js/dist/module/AuthClient.d.ts
/home/nyashagabriel/GoldenHive/golden-hive/node_modules/@supabase/auth-js/dist/module/lib/locks.d.ts
/home/nyashagabriel/GoldenHive/golden-hive/node_modules/@supabase/auth-js/dist/module/index.d.ts
/home/nyashagabriel/GoldenHive/golden-hive/node_modules/@supabase/supabase-js/dist/index.d.mts
/home/nyashagabriel/GoldenHive/golden-hive/node_modules/cookie/dist/index.d.ts
/home/nyashagabriel/GoldenHive/golden-hive/node_modules/@supabase/ssr/dist/main/types.d.ts
/home/nyashagabriel/GoldenHive/golden-hive/node_modules/@supabase/ssr/dist/main/createBrowserClient.d.ts
/home/nyashagabriel/GoldenHive/golden-hive/node_modules/@supabase/ssr/dist/main/createServerClient.d.ts
/home/nyashagabriel/GoldenHive/golden-hive/node_modules/@supabase/ssr/dist/main/utils/helpers.d.ts
/home/nyashagabriel/GoldenHive/golden-hive/node_modules/@supabase/ssr/dist/main/utils/constants.d.ts
/home/nyashagabriel/GoldenHive/golden-hive/node_modules/@supabase/ssr/dist/main/utils/chunker.d.ts
/home/nyashagabriel/GoldenHive/golden-hive/node_modules/@supabase/ssr/dist/main/utils/base64url.d.ts
/home/nyashagabriel/GoldenHive/golden-hive/node_modules/@supabase/ssr/dist/main/utils/index.d.ts
/home/nyashagabriel/GoldenHive/golden-hive/node_modules/@supabase/ssr/dist/main/index.d.ts
/home/nyashagabriel/GoldenHive/golden-hive/src/utils/supabase/client.ts
/home/nyashagabriel/GoldenHive/golden-hive/src/utils/supabase/server.ts
/home/nyashagabriel/GoldenHive/golden-hive/node_modules/next/dist/compiled/@next/font/dist/types.d.ts
/home/nyashagabriel/GoldenHive/golden-hive/node_modules/next/dist/compiled/@next/font/dist/google/index.d.ts
/home/nyashagabriel/GoldenHive/golden-hive/node_modules/next/font/google/index.d.ts
/home/nyashagabriel/GoldenHive/golden-hive/src/app/layout.tsx
/home/nyashagabriel/GoldenHive/golden-hive/src/app/page.tsx
/home/nyashagabriel/GoldenHive/golden-hive/src/app/admin/page.tsx
/home/nyashagabriel/GoldenHive/golden-hive/src/app/contact/page.tsx
/home/nyashagabriel/GoldenHive/golden-hive/src/app/order/page.tsx
/home/nyashagabriel/GoldenHive/golden-hive/src/app/portfolio/page.tsx
/home/nyashagabriel/GoldenHive/golden-hive/src/app/pricing/page.tsx
/home/nyashagabriel/GoldenHive/golden-hive/src/app/services/page.tsx
/home/nyashagabriel/GoldenHive/golden-hive/src/app/trust/page.tsx
/home/nyashagabriel/GoldenHive/golden-hive/.next/types/routes.d.ts
/home/nyashagabriel/GoldenHive/golden-hive/.next/types/validator.ts
/home/nyashagabriel/GoldenHive/golden-hive/.next/dev/types/cache-life.d.ts
/home/nyashagabriel/GoldenHive/golden-hive/.next/dev/types/validator.ts
/home/nyashagabriel/GoldenHive/golden-hive/node_modules/@types/estree/index.d.ts
/home/nyashagabriel/GoldenHive/golden-hive/node_modules/@types/json-schema/index.d.ts
/home/nyashagabriel/GoldenHive/golden-hive/node_modules/@types/json5/index.d.ts
/home/nyashagabriel/GoldenHive/golden-hive/node_modules/@types/ws/index.d.ts
