supabase/functions/admin/index.ts(6,30): error TS2307: Cannot find module 'https://esm.sh/@supabase/supabase-js@2' or its corresponding type declarations.
supabase/functions/admin/index.ts(8,26): error TS2304: Cannot find name 'Deno'.
supabase/functions/admin/index.ts(9,26): error TS2304: Cannot find name 'Deno'.
supabase/functions/admin/index.ts(10,26): error TS2304: Cannot find name 'Deno'.
supabase/functions/admin/index.ts(11,26): error TS2304: Cannot find name 'Deno'.
supabase/functions/admin/index.ts(41,20): error TS2345: Argument of type 'Uint8Array<ArrayBufferLike>' is not assignable to parameter of type 'BufferSource'.
  Type 'Uint8Array<ArrayBufferLike>' is not assignable to type 'ArrayBufferView<ArrayBuffer>'.
    Types of property 'buffer' are incompatible.
      Type 'ArrayBufferLike' is not assignable to type 'ArrayBuffer'.
        Type 'SharedArrayBuffer' is missing the following properties from type 'ArrayBuffer': resizable, resize, detached, transfer, transferToFixedLength
supabase/functions/admin/index.ts(55,1): error TS2304: Cannot find name 'Deno'.
supabase/functions/auth/index.ts(12,30): error TS2307: Cannot find module 'https://esm.sh/@supabase/supabase-js@2' or its corresponding type declarations.
supabase/functions/auth/index.ts(15,26): error TS2304: Cannot find name 'Deno'.
supabase/functions/auth/index.ts(16,26): error TS2304: Cannot find name 'Deno'.
supabase/functions/auth/index.ts(17,26): error TS2304: Cannot find name 'Deno'.
supabase/functions/auth/index.ts(18,26): error TS2304: Cannot find name 'Deno'.
supabase/functions/auth/index.ts(77,20): error TS2345: Argument of type 'Uint8Array<ArrayBufferLike>' is not assignable to parameter of type 'BufferSource'.
  Type 'Uint8Array<ArrayBufferLike>' is not assignable to type 'ArrayBufferView<ArrayBuffer>'.
    Types of property 'buffer' are incompatible.
      Type 'ArrayBufferLike' is not assignable to type 'ArrayBuffer'.
        Type 'SharedArrayBuffer' is missing the following properties from type 'ArrayBuffer': resizable, resize, detached, transfer, transferToFixedLength
supabase/functions/auth/index.ts(95,1): error TS2304: Cannot find name 'Deno'.
supabase/functions/orders/index.ts(7,30): error TS2307: Cannot find module 'https://esm.sh/@supabase/supabase-js@2' or its corresponding type declarations.
supabase/functions/orders/index.ts(9,26): error TS2304: Cannot find name 'Deno'.
supabase/functions/orders/index.ts(10,26): error TS2304: Cannot find name 'Deno'.
supabase/functions/orders/index.ts(11,26): error TS2304: Cannot find name 'Deno'.
supabase/functions/orders/index.ts(25,1): error TS2304: Cannot find name 'Deno'.
